<?xml version="1.0" encoding="UTF-8"?>
<Site BuildName="Win32-MSBuild"
	BuildStamp="20231106-1017-Experimental"
	Name="DESKTOP-BEB1HM7"
	Generator="ctest-3.28.0-rc3"
	CompilerName=""
	CompilerVersion=""
	OSName="Windows"
	Hostname="DESKTOP-BEB1HM7"
	OSRelease=" Professional"
	OSVersion=" (Build 22621)"
	OSPlatform="AMD64"
	Is64Bits="1"
	VendorString="GenuineIntel"
	VendorID="Intel Corporation"
	FamilyID="6"
	ModelID="14"
	ProcessorCacheSize="-1"
	NumberOfLogicalCPU="6"
	NumberOfPhysicalCPU="6"
	TotalVirtualMemory="34728"
	TotalPhysicalMemory="32680"
	LogicalProcessorsPerPhysical="1"
	ProcessorClockFrequency="2904"
	>
	<Testing>
		<StartDateTime>Nov 06 20:31 Rom, normaltid</StartDateTime>
		<StartTestTime>1699299064</StartTestTime>
		<TestList/>
		<EndDateTime>Nov 06 20:31 Rom, normaltid</EndDateTime>
		<EndTestTime>1699299064</EndTestTime>
		<ElapsedMinutes>0</ElapsedMinutes>
	</Testing>
</Site>
